#
#model:
#
#<?xml version="1.0" encoding="UTF-8" standalone="no"?><input id="posterior" spec="beast.core.util.CompoundDistribution">
#    <distribution id="prior" spec="beast.core.util.CompoundDistribution">
#        <distribution id="CoalescentConstant.t:simple" spec="beast.evolution.tree.coalescent.Coalescent">
#            <populationModel id="ConstantPopulation.t:simple" spec="beast.evolution.tree.coalescent.ConstantPopulation">
#                <parameter id="popSize.t:simple" name="popSize">0.3</parameter>
#            </populationModel>
#            <treeIntervals id="TreeIntervals.t:simple" spec="beast.evolution.tree.coalescent.TreeIntervals">
#                <tree id="Tree.t:simple">
#                    <taxonset id="TaxonSet.simple" spec="beast.evolution.alignment.TaxonSet">
#                    </taxonset>
#                </tree>
#            </treeIntervals>
#        </distribution>
#        <prior id="PopSizePrior.t:simple" name="distribution" x="@popSize.t:simple">
#            <OneOnX id="OneOnX.100" name="distr"/>
#        </prior>
#        <prior id="RateACPrior.s:simple" name="distribution">
#            <parameter id="rateAC.s:simple" lower="0.0" name="x">1.0</parameter>
#            <Gamma id="Gamma.0" name="distr">
#                <parameter estimate="false" id="RealParameter.0" name="alpha">0.05</parameter>
#                <parameter estimate="false" id="RealParameter.1" name="beta">10.0</parameter>
#            </Gamma>
#        </prior>
#        <prior id="RateAGPrior.s:simple" name="distribution">
#            <parameter id="rateAG.s:simple" lower="0.0" name="x">1.0</parameter>
#            <Gamma id="Gamma.1" name="distr">
#                <parameter estimate="false" id="RealParameter.2" name="alpha">0.05</parameter>
#                <parameter estimate="false" id="RealParameter.3" name="beta">20.0</parameter>
#            </Gamma>
#        </prior>
#        <prior id="RateATPrior.s:simple" name="distribution">
#            <parameter id="rateAT.s:simple" lower="0.0" name="x">1.0</parameter>
#            <Gamma id="Gamma.2" name="distr">
#                <parameter estimate="false" id="RealParameter.4" name="alpha">0.05</parameter>
#                <parameter estimate="false" id="RealParameter.5" name="beta">10.0</parameter>
#            </Gamma>
#        </prior>
#        <prior id="RateCGPrior.s:simple" name="distribution">
#            <parameter id="rateCG.s:simple" lower="0.0" name="x">1.0</parameter>
#            <Gamma id="Gamma.3" name="distr">
#                <parameter estimate="false" id="RealParameter.6" name="alpha">0.05</parameter>
#                <parameter estimate="false" id="RealParameter.7" name="beta">10.0</parameter>
#            </Gamma>
#        </prior>
#        <prior id="RateGTPrior.s:simple" name="distribution">
#            <parameter id="rateGT.s:simple" lower="0.0" name="x">1.0</parameter>
#            <Gamma id="Gamma.4" name="distr">
#                <parameter estimate="false" id="RealParameter.8" name="alpha">0.05</parameter>
#                <parameter estimate="false" id="RealParameter.9" name="beta">10.0</parameter>
#            </Gamma>
#        </prior>
#        <prior id="ucldStdevPrior.c:simple" name="distribution">
#            <parameter id="ucldStdev.c:simple" lower="0.0" name="x">0.1</parameter>
#            <Gamma id="Gamma.5" name="distr">
#                <parameter estimate="false" id="RealParameter.10" name="alpha">0.5396</parameter>
#                <parameter estimate="false" id="RealParameter.11" name="beta">0.3819</parameter>
#            </Gamma>
#        </prior>
#    </distribution>
#    <distribution id="likelihood" spec="beast.core.util.CompoundDistribution" useThreads="true">
#        <distribution data="@simple" id="treeLikelihood.simple" spec="beast.evolution.likelihood.ThreadedTreeLikelihood" tree="@Tree.t:simple">
#            <siteModel id="SiteModel.s:simple" spec="beast.evolution.sitemodel.SiteModel">
#                <parameter estimate="false" id="mutationRate.s:simple" name="mutationRate">1.0</parameter>
#                <parameter estimate="false" id="gammaShape.s:simple" name="shape">1.0</parameter>
#                <parameter estimate="false" id="proportionInvariant.s:simple" lower="0.0" name="proportionInvariant" upper="1.0">0.0</parameter>
#                <substModel id="gtr.s:simple" rateAC="@rateAC.s:simple" rateAG="@rateAG.s:simple" rateAT="@rateAT.s:simple" rateCG="@rateCG.s:simple" rateGT="@rateGT.s:simple" spec="beast.evolution.substitutionmodel.GTR">
#                    <parameter estimate="false" id="rateCT.s:simple" lower="0.0" name="rateCT">1.0</parameter>
#                    <frequencies id="estimatedFreqs.s:simple" spec="beast.evolution.substitutionmodel.Frequencies">
#                        <parameter dimension="4" id="freqParameter.s:simple" lower="0.0" name="frequencies" upper="1.0">0.25</parameter>
#                    </frequencies>
#                </substModel>
#            </siteModel>
#            <branchRateModel id="RelaxedClock.c:simple" spec="beast.evolution.branchratemodel.UCRelaxedClockModel" tree="@Tree.t:simple">
#                <LogNormal S="@ucldStdev.c:simple" id="LogNormalDistributionModel.c:simple" meanInRealSpace="true" name="distr">
#                    <parameter estimate="false" id="RealParameter.12" lower="0.0" name="M" upper="1.0">1.0</parameter>
#                </LogNormal>
#                <rateCategories dimension="2" id="rateCategories.c:simple" spec="beast.core.parameter.IntegerParameter">1</rateCategories>
#                <parameter estimate="false" id="ucldMean.c:simple" name="clock.rate">1.0</parameter>
#            </branchRateModel>
#        </distribution>
#    </distribution>
#</input>
#
Sample	NSlikelihood	posterior	likelihood	prior	treeLikelihood	TreeHeight	rateAC	rateAG	rateAT	rateCG	rateGT	freqParameter.1	freqParameter.2	freqParameter.3	freqParameter.4	ucldStdev	rate.mean	rate.variance	rate.coefficientOfVariation	popSize	CoalescentConstant
0	-12.47632328286338	-26.09773832221493	-12.47632328286338	-13.621415039351549	-12.47632328286338	0.26431337092895285	0.7169535128844586	0.44608717156020294	1.5881101736051175	0.4530054700900669	0.5232899785219047	0.24008953469117758	0.24329809132593186	0.2546554936545882	0.26195688032830233	0.08408290442116972	0.9415309817899038	0.0	0.0	1.3293443508259266	-0.4835157262468405
1	-11.576948027211296	-27.11685622656686	-11.576948027211296	-15.539908199355562	-11.576948027211296	3.690365036729676	0.48453361692118657	0.21559066263763993	0.6146475036053425	0.4949740183611077	0.5583998828313029	0.22272969490434796	0.23331962158708924	0.24679835829964292	0.2971523252089199	0.348507460963204	1.190455473972276	0.0	0.0	2.370659616975454	-2.4198510300557254
2	-11.57636272940368	-27.589817460540356	-11.57636272940368	-16.013454731136676	-11.57636272940368	10.830337888073045	0.9795458178822416	0.27064059849722144	0.524065124688693	0.7272852969481339	0.5583998828313029	0.22272969490434796	0.24278843053428234	0.23732954935244982	0.2971523252089199	0.00568263531368725	0.9999911993307322	2.93811232654724E-5	0.005420483411965808	5.844416780125239	-3.618595219176238
3	-11.524618418264964	-30.902697765371872	-11.524618418264964	-19.378079347106908	-11.524618418264964	6.305600047693893	1.4685466107118545	0.11038218906447873	0.3642578812979623	3.380206694611445	0.52144351400236	0.225964541472909	0.2442578622496449	0.2262753948093973	0.3035022014680488	0.4352578249336199	0.9491047242223842	0.1467703462992782	0.40365006275609944	6.7818849075591014	-2.8440260932305144
4	-11.489978914320073	-29.1932164151744	-11.489978914320073	-17.70323750085433	-11.489978914320073	2.704724572427475	1.0091777903425494	0.10370287178998115	0.1674268279330173	2.1139223443646715	0.7644542154500047	0.23160390954384852	0.23216953185435282	0.2262753948093973	0.3099511637924014	0.5405643596096716	0.6000693582772277	0.0	0.0	6.309697499567138	-2.270749263722898
5	-11.20872693491427	-28.060134477196392	-11.20872693491427	-16.85140754228212	-11.20872693491427	24.30413037499667	0.8760335767075429	0.07447043957458382	0.1674268279330173	1.1899083604588985	1.2492451215442755	0.24518123692182417	0.22124174799131852	0.22180507348443484	0.3117719416024225	0.010764797748817216	0.999968419046186	1.0542649274587831E-4	0.01026806466670966	15.079317006723112	-4.3250768017397645
6	-11.040014916235371	-31.516346464504625	-11.040014916235371	-20.476331548269254	-11.040014916235371	31.941821871028985	1.931126506911892	0.07269523483374965	0.12340167178602628	3.284553146372775	1.1270678265825196	0.2544755015713791	0.22815988747671878	0.22686547216398495	0.2904991387879172	0.05046285867145448	0.9993061268001677	0.0023119911694058793	0.04811655608325865	7.649918683377318	-6.210140953346386
7	-11.024706710871257	-25.507180726489885	-11.024706710871257	-14.48247401561863	-11.024706710871257	2.191384349694615	1.1095859402360153	0.06916415811522772	0.24508808646343716	1.7819837732341681	1.7089545943931541	0.25867248398664583	0.22815988747671878	0.22686547216398495	0.2863021563726505	0.08168593323132285	0.9432417934430647	0.0	0.0	1.3262659322709152	-1.9346637668645217
8	-10.856931556426145	-27.3045867917158	-10.856931556426145	-16.447655235289652	-10.856931556426145	7.597978333105465	1.1907653713600992	0.037768026512823495	0.3033401878695744	1.9112058411329524	1.467438387998752	0.2662777981627989	0.22368299189973626	0.22896807956784473	0.28107113036962017	0.06342170725135463	1.0416084813189814	0.0	0.0	3.0063559988784627	-3.6280336423570976
9	-10.826733141645935	-29.932018611501412	-10.826733141645935	-19.105285469855477	-10.826733141645935	18.351847322064664	2.0917558184117064	0.019049847931474125	1.258268907635081	1.4041005348074946	2.0207523454584053	0.2679724746600238	0.22368299189973626	0.23557731314899105	0.272767220291249	0.026761577347743093	0.999804827835594	6.512387767382058E-4	0.02552436205945374	10.13709320743104	-4.126567137291792
10	-10.80539710537642	-29.216756056429993	-10.80539710537642	-18.411358951053572	-10.80539710537642	14.394735514622749	0.9652008593764827	0.004595961981718881	1.2263972621302919	1.0727791814862133	1.9021849937535587	0.26898007483710046	0.23002099208242127	0.2404038791634296	0.2605950539170488	0.3052426360839515	0.9747827250952572	0.07833108924405031	0.2871172322008662	16.564891973807534	-3.676276120377546
11	-10.804123936552124	-38.536244018955635	-10.804123936552124	-27.73212008240351	-10.804123936552124	407.18788382946843	2.4099858023900227	0.003289033708519629	1.8337425719534168	1.2392787423623355	4.5774678551609895	0.26898007483710046	0.23002099208242127	0.2457974955589619	0.25520143752151647	0.3073068203614366	1.173577246251625	0.0	0.0	94.68359078240906	-8.851052344661186
12	-10.765187237769034	-37.50498804847777	-10.765187237769034	-26.73980081070874	-10.765187237769034	20.650343048266826	2.006095230524057	0.004018974539719401	3.215965494222797	1.2392787423623355	5.1054679074373635	0.2719561501503105	0.22230112469934657	0.24624039707276726	0.2595023280775758	1.3830952334766748	0.1511685603995185	0.0	0.0	45.68564657827831	-4.2737935988625555
13	-10.590633140285409	-29.25061518183588	-10.590633140285409	-18.65998204155047	-10.590633140285409	16.876315248221804	3.7338756104980524	0.002385981127288788	0.8531423809067392	1.1070660264789607	4.896877263082429	0.28447816938599113	0.22064885857700306	0.2542291259207889	0.240643846116217	0.03548328315332311	1.0235772290379972	0.0	0.0	16.69614411549109	-3.8259689836478814
14	-10.564998988259912	-29.583219312390927	-10.564998988259912	-19.018220324131015	-10.564998988259912	13.591584121012355	3.296841051061817	0.001557364220433885	1.8309941086025103	0.8711577432663118	4.735949003688516	0.28623912677083924	0.2240415395773584	0.24907548753558542	0.240643846116217	0.1962192953342414	0.8593328819504409	0.0	0.0	6.5294012635780545	-3.9579125612464265
15	-10.547929245870547	-31.719872656687173	-10.547929245870547	-21.171943410816628	-10.547929245870547	27.530788895028227	2.141506133726076	0.0012896444785422245	1.6351416933123164	0.9702670467831526	3.8908657017717077	0.2875467007467475	0.2240415395773584	0.250517412997522	0.23789434667837217	0.49791012224245795	0.6314146385307045	0.0	0.0	31.107065828986027	-4.32246828309436
16	-10.425486706590995	-30.889453587627802	-10.425486706590995	-20.463966881036807	-10.425486706590995	16.26599645427829	3.8651595095378553	0.0012896444785422245	2.205171547040347	1.9476558556338766	4.597878189615225	0.2970314826365934	0.2207762108819644	0.2442979598030701	0.23789434667837217	0.003493053422450913	0.999996674727545	1.1101627845627455E-5	0.003331921619406777	63.80099547297744	-4.410717737759909
17	-10.406809000700731	-26.106965086560464	-10.406809000700731	-15.700156085859732	-10.406809000700731	0.9716862668930708	3.8651595095378553	0.001830600357815082	2.205171547040347	1.4751798062768622	5.7663280206256635	0.31801726902033756	0.2214265599200449	0.23253350610942133	0.22802266495019627	0.2505397070497474	1.1475180492453598	0.0	0.0	0.866710443997155	-0.9780694988415237
18	-10.215611971247126	-29.605120175739785	-10.215611971247126	-19.389508204492657	-10.215611971247126	2.487223175190908	2.0390095828403103	0.0014374421444460499	1.6368981695906517	1.8130966526856032	8.59633184933089	0.32330700837470877	0.21613682056567365	0.23253350610942133	0.22802266495019627	0.8828158814930455	0.8009292116778964	0.3655797941963995	0.7549130941312671	2.3235570850939324	-1.9135369693256161
19	-10.111176638307946	-28.853007816083878	-10.111176638307946	-18.741831177775932	-10.111176638307946	18.26352937926812	0.9429004838591282	0.0024006663593483216	3.4930969568952985	1.1993612563895666	3.6366055736932164	0.32387914713874644	0.20862773720492983	0.23290342854685087	0.23458968710947287	0.05097394358586583	0.9992920033023391	0.002358956035115232	0.04860349629377064	18.38772840227732	-3.9049290557756438
20	-10.111176638307771	-28.999216037618808	-10.111176638307771	-18.888039399311037	-10.111176638307771	29.99702804736609	0.4018445876042717	0.006134223162600349	3.8421155018177333	0.4987081919546888	3.0241602437975477	0.32387914713874644	0.20862773720492983	0.23290342854685087	0.23458968710947287	0.10271924174424021	0.9281529926485456	0.0	0.0	11.512931539944393	-5.048978261404615
21	-10.099317511595556	-28.517113316165293	-10.099317511595556	-18.41779580456974	-10.099317511595556	23.445268740619365	0.18685467597201538	0.007231076186381115	3.0917931694787235	0.7025675526669847	6.2364722254279075	0.3246386026567198	0.21843490443865335	0.23046651480476923	0.22645997809985757	0.055609471406083404	1.0366162592509276	0.0	0.0	13.757247437717906	-4.325777958462628
22	-10.099241523966082	-26.814366189461648	-10.099241523966082	-16.715124665495566	-10.099241523966082	18.151375086173218	0.6284874051150062	0.012342811252069076	1.871476338896809	0.27507742096564874	2.636215718799118	0.3246386026567198	0.21843490443865335	0.22824630220531028	0.22868019069931653	0.006858616497257357	0.9953612057567367	0.0	0.0	28.605032519560297	-3.9881344719739187
23	-10.025418362693536	-29.05738004282818	-10.025418362693536	-19.031961680134643	-10.025418362693536	2.1043995759999228	0.3937008837370277	0.03819654249464103	1.9268579710963523	0.27507742096564874	1.6118629803101687	0.33544752267939704	0.20753235703351497	0.22039103363846851	0.23662908664861945	0.06780701688785744	0.953101348998965	0.0	0.0	64.76411083198288	-4.2032449030995
24	-9.930330064494026	-27.210816330360522	-9.930330064494026	-17.280486265866497	-9.930330064494026	30.178180038330833	0.5448480015945194	0.015085717737972652	2.6880800320415372	0.2547173084968588	1.7028582977493105	0.34086154009138736	0.20702532378376026	0.2240187880446118	0.22809434808024057	0.022335081550111963	0.9848024547181246	0.0	0.0	16.3472751347607	-4.64012913479171
25	-9.930330064493916	-35.65402143861478	-9.930330064493916	-25.723691374120857	-9.930330064493916	276.799229179842	0.5309749740078552	0.028945304782515866	2.166862972377762	0.3147669246763638	1.4560531172783167	0.34086154009138736	0.20702532378376026	0.2240187880446118	0.22809434808024057	0.7486177766507318	0.8540123170420285	0.3167454551586551	0.6590085689616104	202.3815644847262	-6.677864550348175
26	-9.828640408552651	-31.676175224920737	-9.828640408552651	-21.847534816368086	-9.828640408552651	140.06312383266473	0.27241990251688886	0.022913616032048754	1.7517240816413842	0.500745505270676	0.9881950541794121	0.35158515764489223	0.19630170623025542	0.2240187880446118	0.22809434808024057	0.3539944646707707	0.9661672588506356	0.10251527410193115	0.3313919636477016	54.06057401645592	-6.580960442670451
27	-9.800902852290008	-30.300311411068108	-9.800902852290008	-20.4994085587781	-9.800902852290008	74.75324593618402	0.14519213031952424	0.025178062972117013	1.0255689507954127	0.6466102633260159	0.49758736290857286	0.3544293415550139	0.19630170623025542	0.2240187880446118	0.22525016417011895	0.18884204563877405	0.8648469853247869	0.0	0.0	272.5958341777118	-5.882217633953062
